Build started 12/24/2023 3:36:32 AM.
     1>Project "D:\Visual Studio 2012\Project\Al_Aqsa_Mosque\Al_Aqsa_Mosque\Al_Aqsa_Mosque.vcxproj" on node 2 (Build target(s)).
     1>ClCompile:
         D:\Visual Studio 2012\VC\bin\CL.exe /c /ZI /nologo /W3 /WX- /Od /Oy- /D _MBCS /Gm /EHsc /RTC1 /MDd /GS /fp:precise /Zc:wchar_t /Zc:forScope /Fo"Debug\\" /Fd"Debug\vc110.pdb" /Gd /TP /analyze- /errorReport:prompt boarders.cpp
         boarders.cpp
       Link:
         D:\Visual Studio 2012\VC\bin\link.exe /ERRORREPORT:PROMPT /OUT:"D:\Visual Studio 2012\Project\Al_Aqsa_Mosque\Debug\Al_Aqsa_Mosque.exe" /INCREMENTAL /NOLOGO GLAUX.lib GLU32.lib glut.lib OPENGL32.lib glut32.lib kernel32.lib user32.lib gdi32.lib winspool.lib comdlg32.lib advapi32.lib shell32.lib ole32.lib oleaut32.lib uuid.lib odbc32.lib odbccp32.lib /MANIFEST /MANIFESTUAC:"level='asInvoker' uiAccess='false'" /manifest:embed /DEBUG /PDB:"D:\Visual Studio 2012\Project\Al_Aqsa_Mosque\Debug\Al_Aqsa_Mosque.pdb" /TLBID:1 /DYNAMICBASE /NXCOMPAT /IMPLIB:"D:\Visual Studio 2012\Project\Al_Aqsa_Mosque\Debug\Al_Aqsa_Mosque.lib" /MACHINE:X86 Debug\3DTexture.obj
         Debug\bathroom.obj
         Debug\bedroom.obj
         Debug\boarders.obj
         Debug\camera.obj
         Debug\controll.obj
         Debug\controlling.obj
         Debug\lighting.obj
         Debug\math3d.obj
         Debug\Model_3DS.obj
         Debug\point.obj
         Debug\rkap.obj
         Debug\road.obj
         Debug\start.obj
         Debug\texture.obj
         Debug\tools.obj
         Debug\view.obj
         Al_Aqsa_Mosque.vcxproj -> D:\Visual Studio 2012\Project\Al_Aqsa_Mosque\Debug\Al_Aqsa_Mosque.exe
     1>Done Building Project "D:\Visual Studio 2012\Project\Al_Aqsa_Mosque\Al_Aqsa_Mosque\Al_Aqsa_Mosque.vcxproj" (Build target(s)).

Build succeeded.

Time Elapsed 00:00:03.65
